2017-10-16_00:30:16.280 [main] INFO  e.u.c.fics.newssec.crawler.Crawler -
				http://www.abyznewslinks.com/coted.htm
2017-10-16_00:30:16.282 [main] INFO  e.u.c.fics.newssec.crawler.Crawler -
				Failed lines:
2017-10-16_00:31:02.022 [main] INFO  e.u.c.fics.newssec.crawler.Crawler -
				http://www.abyznewslinks.com/afric.htm
2017-10-16_00:31:02.130 [main] INFO  e.u.c.fics.newssec.crawler.Crawler -
				http://www.abyznewslinks.com/midaf.htm
2017-10-16_00:31:02.238 [main] INFO  e.u.c.fics.newssec.crawler.Crawler -
				http://www.abyznewslinks.com/afric.htm
2017-10-16_00:31:02.344 [main] INFO  e.u.c.fics.newssec.crawler.Crawler -
				http://www.abyznewslinks.com/easaf.htm
2017-10-16_00:31:02.448 [main] INFO  e.u.c.fics.newssec.crawler.Crawler -
				http://www.abyznewslinks.com/noraf.htm
2017-10-16_00:31:02.551 [main] INFO  e.u.c.fics.newssec.crawler.Crawler -
				http://www.abyznewslinks.com/souaf.htm
2017-10-16_00:31:02.653 [main] INFO  e.u.c.fics.newssec.crawler.Crawler -
				http://www.abyznewslinks.com/wesaf.htm
2017-10-16_00:31:03.110 [main] INFO  e.u.c.fics.newssec.crawler.Crawler -
				http://www.abyznewslinks.com/africre.htm
2017-10-16_00:31:03.549 [main] INFO  e.u.c.fics.newssec.crawler.Crawler -
				http://www.abyznewslinks.com/alger.htm
2017-10-16_00:31:03.731 [main] INFO  e.u.c.fics.newssec.crawler.Crawler -
				http://www.abyznewslinks.com/angol.htm
2017-10-16_00:31:03.911 [main] INFO  e.u.c.fics.newssec.crawler.Crawler -
				http://www.abyznewslinks.com/benin.htm
2017-10-16_00:31:04.079 [main] INFO  e.u.c.fics.newssec.crawler.Crawler -
				http://www.abyznewslinks.com/botsw.htm
2017-10-16_00:31:04.250 [main] INFO  e.u.c.fics.newssec.crawler.Crawler -
				http://www.abyznewslinks.com/burki.htm
2017-10-16_00:31:04.377 [main] INFO  e.u.c.fics.newssec.crawler.Crawler -
				http://www.abyznewslinks.com/burun.htm
2017-10-16_00:31:04.562 [main] INFO  e.u.c.fics.newssec.crawler.Crawler -
				http://www.abyznewslinks.com/camer.htm
2017-10-16_00:31:04.704 [main] INFO  e.u.c.fics.newssec.crawler.Crawler -
				http://www.abyznewslinks.com/capev.htm
2017-10-16_00:31:04.820 [main] INFO  e.u.c.fics.newssec.crawler.Crawler -
				http://www.abyznewslinks.com/cafri.htm
2017-10-16_00:31:04.927 [main] INFO  e.u.c.fics.newssec.crawler.Crawler -
				http://www.abyznewslinks.com/chad.htm
2017-10-16_00:31:05.046 [main] INFO  e.u.c.fics.newssec.crawler.Crawler -
				http://www.abyznewslinks.com/comor.htm
2017-10-16_00:31:05.169 [main] INFO  e.u.c.fics.newssec.crawler.Crawler -
				http://www.abyznewslinks.com/congb.htm
2017-10-16_00:31:05.352 [main] INFO  e.u.c.fics.newssec.crawler.Crawler -
				http://www.abyznewslinks.com/congk.htm
2017-10-16_00:31:05.525 [main] INFO  e.u.c.fics.newssec.crawler.Crawler -
				http://www.abyznewslinks.com/coted.htm
2017-10-16_00:31:05.658 [main] INFO  e.u.c.fics.newssec.crawler.Crawler -
				http://www.abyznewslinks.com/djibo.htm
2017-10-16_00:31:05.838 [main] INFO  e.u.c.fics.newssec.crawler.Crawler -
				http://www.abyznewslinks.com/egypt.htm
2017-10-16_00:31:05.963 [main] INFO  e.u.c.fics.newssec.crawler.Crawler -
				http://www.abyznewslinks.com/equat.htm
2017-10-16_00:31:06.088 [main] INFO  e.u.c.fics.newssec.crawler.Crawler -
				http://www.abyznewslinks.com/eritr.htm
2017-10-16_00:31:06.263 [main] INFO  e.u.c.fics.newssec.crawler.Crawler -
				http://www.abyznewslinks.com/ethio.htm
2017-10-16_00:31:06.382 [main] INFO  e.u.c.fics.newssec.crawler.Crawler -
				http://www.abyznewslinks.com/gabon.htm
2017-10-16_00:31:06.509 [main] INFO  e.u.c.fics.newssec.crawler.Crawler -
				http://www.abyznewslinks.com/gambi.htm
2017-10-16_00:31:06.688 [main] INFO  e.u.c.fics.newssec.crawler.Crawler -
				http://www.abyznewslinks.com/ghana.htm
2017-10-16_00:31:06.812 [main] INFO  e.u.c.fics.newssec.crawler.Crawler -
				http://www.abyznewslinks.com/guine.htm
2017-10-16_00:31:06.935 [main] INFO  e.u.c.fics.newssec.crawler.Crawler -
				http://www.abyznewslinks.com/guinb.htm
2017-10-16_00:31:07.101 [main] INFO  e.u.c.fics.newssec.crawler.Crawler -
				http://www.abyznewslinks.com/kenya.htm
2017-10-16_00:31:07.232 [main] INFO  e.u.c.fics.newssec.crawler.Crawler -
				http://www.abyznewslinks.com/lesot.htm
2017-10-16_00:31:07.393 [main] INFO  e.u.c.fics.newssec.crawler.Crawler -
				http://www.abyznewslinks.com/liber.htm
2017-10-16_00:31:07.571 [main] INFO  e.u.c.fics.newssec.crawler.Crawler -
				http://www.abyznewslinks.com/libya.htm
2017-10-16_00:31:07.756 [main] INFO  e.u.c.fics.newssec.crawler.Crawler -
				http://www.abyznewslinks.com/madag.htm
2017-10-16_00:31:07.924 [main] INFO  e.u.c.fics.newssec.crawler.Crawler -
				http://www.abyznewslinks.com/malaw.htm
2017-10-16_00:31:08.065 [main] INFO  e.u.c.fics.newssec.crawler.Crawler -
				http://www.abyznewslinks.com/mali.htm
2017-10-16_00:31:08.181 [main] INFO  e.u.c.fics.newssec.crawler.Crawler -
				http://www.abyznewslinks.com/maura.htm
2017-10-16_00:31:08.308 [main] INFO  e.u.c.fics.newssec.crawler.Crawler -
				http://www.abyznewslinks.com/mauri.htm
2017-10-16_00:31:08.440 [main] INFO  e.u.c.fics.newssec.crawler.Crawler -
				http://www.abyznewslinks.com/mayot.htm
2017-10-16_00:31:08.630 [main] INFO  e.u.c.fics.newssec.crawler.Crawler -
				http://www.abyznewslinks.com/moroc.htm
2017-10-16_00:31:08.789 [main] INFO  e.u.c.fics.newssec.crawler.Crawler -
				http://www.abyznewslinks.com/mozam.htm
2017-10-16_00:31:08.953 [main] INFO  e.u.c.fics.newssec.crawler.Crawler -
				http://www.abyznewslinks.com/namib.htm
2017-10-16_00:31:09.074 [main] INFO  e.u.c.fics.newssec.crawler.Crawler -
				http://www.abyznewslinks.com/niger.htm
2017-10-16_00:31:09.377 [main] INFO  e.u.c.fics.newssec.crawler.Crawler -
				http://www.abyznewslinks.com/nigei.htm
2017-10-16_00:31:09.508 [main] INFO  e.u.c.fics.newssec.crawler.Crawler -
				http://www.abyznewslinks.com/reuni.htm
2017-10-16_00:31:09.633 [main] INFO  e.u.c.fics.newssec.crawler.Crawler -
				http://www.abyznewslinks.com/rwand.htm
2017-10-16_00:31:09.750 [main] INFO  e.u.c.fics.newssec.crawler.Crawler -
				http://www.abyznewslinks.com/shele.htm
2017-10-16_00:31:09.881 [main] INFO  e.u.c.fics.newssec.crawler.Crawler -
				http://www.abyznewslinks.com/saoto.htm
2017-10-16_00:31:10.036 [main] INFO  e.u.c.fics.newssec.crawler.Crawler -
				http://www.abyznewslinks.com/seneg.htm
2017-10-16_00:31:10.160 [main] INFO  e.u.c.fics.newssec.crawler.Crawler -
				http://www.abyznewslinks.com/seych.htm
2017-10-16_00:31:10.324 [main] INFO  e.u.c.fics.newssec.crawler.Crawler -
				http://www.abyznewslinks.com/sierr.htm
2017-10-16_00:31:10.486 [main] INFO  e.u.c.fics.newssec.crawler.Crawler -
				http://www.abyznewslinks.com/somal.htm
2017-10-16_00:31:10.717 [main] INFO  e.u.c.fics.newssec.crawler.Crawler -
				http://www.abyznewslinks.com/safri.htm
2017-10-16_00:31:10.841 [main] INFO  e.u.c.fics.newssec.crawler.Crawler -
				http://www.abyznewslinks.com/south_sudan.htm
2017-10-16_00:31:10.981 [main] INFO  e.u.c.fics.newssec.crawler.Crawler -
				http://www.abyznewslinks.com/sudan.htm
2017-10-16_00:31:11.095 [main] INFO  e.u.c.fics.newssec.crawler.Crawler -
				http://www.abyznewslinks.com/swazi.htm
2017-10-16_00:31:11.263 [main] INFO  e.u.c.fics.newssec.crawler.Crawler -
				http://www.abyznewslinks.com/tanza.htm
2017-10-16_00:31:11.388 [main] INFO  e.u.c.fics.newssec.crawler.Crawler -
				http://www.abyznewslinks.com/togo.htm
2017-10-16_00:31:11.549 [main] INFO  e.u.c.fics.newssec.crawler.Crawler -
				http://www.abyznewslinks.com/tunis.htm
2017-10-16_00:31:11.711 [main] INFO  e.u.c.fics.newssec.crawler.Crawler -
				http://www.abyznewslinks.com/ugand.htm
2017-10-16_00:31:11.834 [main] INFO  e.u.c.fics.newssec.crawler.Crawler -
				http://www.abyznewslinks.com/wsaha.htm
2017-10-16_00:31:12.024 [main] INFO  e.u.c.fics.newssec.crawler.Crawler -
				http://www.abyznewslinks.com/zambi.htm
2017-10-16_00:31:12.207 [main] INFO  e.u.c.fics.newssec.crawler.Crawler -
				http://www.abyznewslinks.com/zimba.htm
2017-10-16_00:31:12.207 [main] INFO  e.u.c.fics.newssec.crawler.Crawler -
				Failed lines:
2017-10-16_00:31:12.207 [main] INFO  e.u.c.fics.newssec.crawler.Crawler -
				1<td nowrap valign="top" width="200"> <font face="Arial" size="2"> Regional<br> <br> Regional<br> Regional<br> Regional<br> Regional<br> Regional<br> Regional<br> Regional<br> Regional<br> Regional<br> Regional<br> Regional<br> Regional<br> Regional<br> Regional<br> Regional<br> Regional<br> Regional<br> Regional<br> Regional<br> Regional<br> Regional<br> Regional<br> Regional<br> Regional<br> Regional<br> Regional<br> Regional<br> Regional<br> Regional<br> Regional<br> Regional<br> Regional<br> Regional<br> Regional<br> Regional<br> Regional<br> Regional<br> Regional<br> Regional<br> Regional<br> Regional<br> Regional<br> Regional<br> Regional<br> Regional<br> <br> Regional<br> Regional<br> Regional<br> Regional<br> Regional<br> Regional<br> Regional<br> Regional<br> Regional<br> Regional<br> Regional<br> Regional<br> <br> Regional<br> Regional<br> Regional<br> Regional<br> <br> Regional<br> Regional </font> </td> 
<td nowrap valign="top" width="300"> <font size="2" face="Arial"> <a href="http://www.actsa.org/">ACTSA</a><br> <br> <a href="http://www.afbis.com/">Af Bis</a><br> <a href="http://www.africa.com/">Africa</a><br> <a href="http://africabusiness.com/">Africa Business</a><br> <a href="http://www.africafocus.org/">Africa Focus</a><br> <a href="http://www.africaglobalvillage.com/">Africa Global Village</a><br> <a href="http://www.africaintelligence.com/">Africa Intelligence</a><br> <a href="http://www.africaintelligence.fr/">Africa Intelligence</a><br> <a href="http://www.africaleader.com/">Africa Leader</a><br> <a href="http://www.africa-live.de/">Africa Live</a><br> <a href="http://www.africalog.com/">Africa Log</a><br> <a href="http://www.africa-news.eu/">Africa News</a><br> <a href="http://www.africanews.com/">Africa News</a><br> <a href="http://www.africanews.it/english/">Africa News</a><br> <a href="http://www.africanews.it/">Africa News</a><br> <a href="http://www.theafricanews.net/">Africa News</a><br> <a href="http://www.africareview.com/">Africa Review</a><br> <a href="http://www.africasunnews.com/">Africa Sun News</a><br> <a href="http://en.africatime.com/toute-l-afrique">Africa Time</a><br> <a href="http://www.africatime.com/toute-l-afrique">Africa Time</a><br> <a href="http://www.africain.info/">Africain</a><br> <a href="http://www.theafrican.info/">African</a><br> <a href="http://www.africanbusinessreview.co.za/">African Business Review</a><br> <a href="http://africanmanager.com/site_ar/">African Manager</a><br> <a href="http://africanmanager.com/site_eng/">African Manager</a><br> <a href="http://africanmanager.com/">African Manager</a><br> <a href="http://www.africanseer.com/">African Seer</a><br> <a href="http://afriknews.com">Afrik</a><br> <a href="http://www.afrik-news.com/">Afrik</a><br> <a href="http://www.afrik.com/">Afrik</a><br> <a href="http://www.afrikanieuws.nl/">Afrika Nieuws</a><br> <a href="http://www.afriqueactualite.com/">Afrique Actualite</a><br> <a href="http://www.afriques.info">Afriques</a><br> <a href="http://www.afriquinfos.com/">Afriquinfos</a><br> <a href="http://www.afromix.info/web/news/africa">Afromix</a><br> <a href="http://www.agenceecofin.com/">Agence Ecofin</a><br> <a href="http://www.albawaba.com/ar/">Al Bawaba</a><br> <a href="http://www.albawaba.com/en/">Al Bawaba</a><br> <a href="http://www.aljazeerah.info/">Al Jazeerah</a><br> <a href="http://allafrica.com/">All Africa</a><br> <a href="http://fr.allafrica.com/">All Africa</a><br> <a href="http://answersafrica.com/">Answers Africa</a><br> <a href="http://www.amin.org/">Arabic Media Internet Network</a><br> <a href="http://www.amin.org/Eindex.php">Arabic Media Internet Network</a><br> <a href="http://www.iafrica.com/">I Africa</a><br> <a href="http://www.icicemac.com/">Ici Cemac</a><br> <br> <a href="http://www.info-afrique.com/">Info Afrique</a><br> <a href="http://www.izf.net/">IZF</a><br> <a href="http://www.menafn.com/arabic/">Mena FN</a><br> <a href="http://www.menafn.com/">Mena FN</a><br> <a href="http://www.news24.com/africa">News 24</a><br> <a href="http://newsfromafrica.org/">News from Africa</a><br> <a href="http://newsofafrica.org/">News of Africa</a><br> <a href="http://www.newstimeafrica.com/">Newstime Africa</a><br> <a href="http://north-africa.com/">North Africa Journal</a><br> <a href="https://obsac.wordpress.com/">Observateur de l'Afrique Centrale</a><br> <a href="http://www.ouestaf.com/">Ouest Af</a><br> <a href="http://sartma.com/">Sartma</a><br> <br> <a href="http://en.starafrica.com/">Star Africa</a><br> <a href="http://fr.starafrica.com/">Star Africa</a><br> <a href="http://www.thisisafricaonline.com/">This Is Africa</a><br> <a href="http://thezambezian.com/">Zambezian</a><br> <br> <a href="http://www.zawya.com/ar/">Zawya</a><br> <a href="http://www.zawya.com/">Zawya</a> </font> </td> 
<td nowrap valign="top" width="25"> <font face="Arial" size="2"> IN<br> <br> IN<br> IN<br> IN<br> IN<br> IN<br> IN<br> IN<br> IN<br> IN<br> IN<br> IN<br> IN<br> IN<br> IN<br> IN<br> IN<br> IN<br> IN<br> IN<br> IN<br> IN<br> IN<br> IN<br> IN<br> IN<br> IN<br> IN<br> IN<br> IN<br> IN<br> IN<br> IN<br> IN<br> IN<br> IN<br> IN<br> IN<br> IN<br> IN<br> IN<br> IN<br> IN<br> IN<br> IN<br> IN<br> <br> IN<br> IN<br> IN<br> IN<br> IN<br> IN<br> IN<br> IN<br> IN<br> IN<br> IN<br> IN<br> <br> IN<br> IN<br> IN<br> IN<br> <br> IN<br> IN </font> </td> 
<td nowrap valign="top" width="25"> <font face="Arial" size="2"> GI<br> <br> BU<br> GI<br> BU<br> GI<br> GI<br> GI<br> GI<br> GI<br> GI<br> GI<br> GI<br> GI<br> GI<br> GI<br> GI<br> GI<br> GI<br> GI<br> GI<br> GI<br> GI<br> BU<br> GI<br> GI<br> GI<br> GI<br> GI<br> GI<br> GI<br> GI<br> GI<br> GI<br> GI<br> GI<br> BU<br> GI<br> GI<br> GI<br> GI<br> GI<br> GI<br> GI<br> GI<br> GI<br> GI<br> <br> GI<br> GI<br> BU<br> BU<br> GI<br> GI<br> GI<br> GI<br> GI<br> GI<br> GI<br> GI<br> <br> GI<br> GI<br> GI<br> GI<br> <br> BU<br> BU </font> </td> 
<td nowrap valign="top" width="35"> <font face="Arial" size="2"> ENG<br> <br> ENG<br> ENG<br> ENG<br> ENG<br> ENG<br> ENG<br> FRA<br> ENG<br> DEU<br> FRA<br> ENG<br> ENG<br> ENG<br> ITA<br> ENG<br> ENG<br> ENG<br> ENG<br> FRA<br> FRA<br> ENG<br> ENG<br> ARA<br> ENG<br> FRA<br> ENG<br> ENG<br> ENG<br> FRA<br> NLD<br> FRA<br> FRA<br> FRA<br> ENG<br> FRA<br> ARA<br> ENG<br> ENG<br> ENG<br> FRA<br> ENG<br> ARA<br> ENG<br> ENG<br> FRA<br> <br> FRA<br> FRA<br> ARA<br> ENG<br> ENG<br> ENG<br> ENG<br> ENG<br> ENG<br> FRA<br> FRA<br> ENG<br> <br> ENG<br> FRA<br> ENG<br> ENG<br> <br> ARA<br> ENG </font> </td> 
<td nowrap valign="top" width="175"> <font face="Arial" size="2"> Covers Southern<br> Africa<br> <br> <br> <br> <br> <br> <br> <br> <br> <br> <br> Site 1<br> Site 2<br> Site 3<br> Site 3<br> Site 4<br> <br> <br> <br> <br> <br> <br> <br> <br> <br> <br> <br> Site 1<br> Site 2<br> Site 2<br> <br> <br> <br> <br> <br> <br> Covers North Arrica<br> Covers North Africa<br> Covers North Africa<br> <br> <br> <br> Covers North Africa<br> Covers North Africa<br> <br> Covers Central<br> Africa<br> <br> <br> Covers North Africa<br> Covers North Africa<br> <br> <br> <br> <br> <br> <br> <br> Covers South<br> Atlantic<br> <br> <br> <br> Covers Southern<br> Africa<br> Covers North Africa<br> Covers North Africa </font> </td>

2017-10-16_00:31:12.207 [main] INFO  e.u.c.fics.newssec.crawler.Crawler -
				2<td nowrap valign="top" width="200"> <font face="Arial" size="2"> Nationwide<br> Nationwide<br> <br> Nationwide<br> Nationwide<br> Nationwide<br> Nationwide<br> Nationwide<br> <br> Nationwide<br> Nationwide<br> Nationwide<br> Nationwide<br> Nationwide<br> Nationwide<br> Nationwide<br> Nationwide<br> Nationwide<br> Nationwide<br> Nationwide<br> Nationwide<br> Nationwide<br> Nationwide<br> Nationwide<br> Nationwide<br> Nationwide<br> Nationwide<br> Nationwide<br> Nationwide<br> Nationwide<br> Nationwide<br> Nationwide<br> Nationwide<br> Nationwide<br> Nationwide<br> Nationwide<br> Nationwide<br> Nationwide<br> Nationwide<br> Nationwide<br> Nationwide<br> Nationwide<br> Nationwide<br> Nationwide<br> Nationwide<br> Nationwide<br> Nationwide<br> Nationwide<br> Nationwide<br> Nationwide<br> Nationwide<br> Nationwide<br> Nationwide<br> Nationwide<br> Nationwide<br> Nationwide<br> Nationwide<br> Nationwide<br> Nationwide<br> Nationwide<br> Nationwide<br> Nationwide<br> Nationwide<br> Nationwide<br> Nationwide<br> Nationwide<br> Nationwide<br> Nationwide<br> Nationwide<br> Nationwide<br> Nationwide<br> Nationwide<br> Nationwide<br> Nationwide<br> Nationwide<br> Nationwide<br> Nationwide<br> Nationwide<br> Nationwide<br> Nationwide<br> Nationwide<br> Nationwide<br> Nationwide<br> Nationwide<br> Nationwide<br> Nationwide<br> Nationwide<br> Nationwide<br> Nationwide<br> Nationwide<br> Nationwide<br> Nationwide<br> Nationwide<br> Nationwide<br> Nationwide<br> Nationwide<br> Nationwide<br> Nationwide<br> Nationwide<br> Nationwide<br> Nationwide<br> Nationwide<br> Nationwide<br> Nationwide<br> Nationwide<br> Nationwide<br> Nationwide<br> Nationwide<br> Nationwide<br> Nationwide<br> Nationwide<br> Nationwide<br> Nationwide<br> Nationwide<br> Nationwide<br> Nationwide<br> Nationwide<br> Nationwide<br> Nationwide<br> Nationwide<br> Nationwide</font></td> 
<td nowrap valign="top" width="300"> <font face="Arial" size="2"> <a href="http://247ureports.com/">247 U Reports</a><br> <a href="http://www.afbis.com/">Africa Business Information</a><br> <a href="http://www.afbis.com/">Services</a><br> <a href="http://www.africanexaminer.com/">African Examiner</a><br> <a href="http://africansearchlight.com/">African Searchlight</a><br> <a href="http://www.allnigeriasoccer.com/">All Nigeria Soccer</a><br> <a href="http://www.aproko247.com/">Aproko 247</a><br> <a href="http://www.arewaonline-ng.com/">Arewa Online</a><br> <br> <a href="http://www.bellanaija.com/">Bella Naija</a><br> <a href="http://news.bestnaira.com/">Best Naira News</a><br> <a href="http://www.bignigeria.com/">Big Nigeria</a><br> <a href="http://bizwatchnigeria.ng/">Biz Watch Nigeria</a><br> <a href="http://www.thebreakingtimes.com/">Breaking Times</a><br> <a href="http://businessnews.com.ng/">Business News</a><br> <a href="http://buzznigeria.com/">Buzz Nigeria</a><br> <a href="http://www.thecable.ng/">Cable</a><br> <a href="http://thecitizenng.com/">Citizen</a><br> <a href="http://www.cknnigeria.com/">CKN Nigeria</a><br> <a href="http://dailypost.ng/">Daily Post</a><br> <a href="http://dailyreviewonline.com.ng/">Daily Review Online</a><br> <a href="http://dailystar.com.ng/">Daily Star</a><br> <a href="http://www.e-nigeriang.com/">E Nigeria</a><br> <a href="http://www.ereporter.com.ng/">E Reporter</a><br> <a href="http://theeagleonline.com.ng/">Eagle Online</a><br> <a href="http://eaglereporters.com/">Eagle Reporters</a><br> <a href="http://www.editorialnigeria.com/">Editorial Nigeria</a><br> <a href="http://www.elombah.com/">Elombah</a><br> <a href="http://expressng.com/">Entertainment Express</a><br> <a href="http://www.factualreporters.com/">Factual Reporters</a><br> <a href="http://www.frontiersnews.com/">Frontiers News</a><br> <a href="http://www.gamji.com/">Gamji</a><br> <a href="http://gistyinka.net/">Gistyinka Blog</a><br> <a href="http://globalvillageextra.com/">Global Village Extra</a><br> <a href="https://news.google.com/news/?ned=en_ng">Google</a><br> <a href="http://www.gossipnigeria.com/">Gossip Nigeria</a><br> <a href="http://www.theheraldng.com/">Herald</a><br> <a href="http://hotnaijanews.com/">Hot Naija News</a><br> <a href="http://www.huhuonline.com/">Huhu Online</a><br> <a href="http://ireports-ng.com/">I Reports NG</a><br> <a href="http://www.indepthnigeria.com/">In Depth Nigeria</a><br> <a href="http://www.infonigeria.net/">Info Nigeria</a><br> <a href="http://www.theinfostrides.com/">Info Strides</a><br> <a href="http://www.informationng.com/">Information Nigeria</a><br> <a href="http://theinfrastructurenewsng.com/">Infra News</a><br> <a href="http://www.ionigeria.com/">Ionigeria</a><br> <a href="http://www.iq4news.com/">IQ4 News</a><br> <a href="http://www.latestnigeriannews.com/">Latest Nigerian News</a><br> <a href="http://thelead.com.ng/">Lead</a><br> <a href="http://www.medianigeria.com/">Media Nigeria</a><br> <a href="http://www.naij.com/">Naij</a><br> <a href="http://naijabizcom.com/">Naija Biz</a><br> <a href="http://www.naijalately.com/">Naija Lately</a><br> <a href="http://www.naijaleaks.org/">Naija Leaks</a><br> <a href="http://nigeriastandardnewspaper.com/ng/">Naija Standard Newspaper</a><br> <a href="http://www.nairaland.com/">Nairaland Forum</a><br> <a href="http://newmail-ng.com/new/">New Mail</a><br> <a href="http://newtelegraphonline.com/">New Telegraph</a><br> <a href="http://www.news24.com.ng/">News 24 Nigeria</a><br> <a href="http://www.news247.com.ng/">News 247</a><br> <a href="http://newsbreaknigeria.com/">News Break Nigeria</a><br> <a href="http://thenews-chronicle.com/">News Chronicle</a><br> <a href="http://www.newsday.com.ng/">News Day</a><br> <a href="http://newsdiaryonline.com/">News Diary Online</a><br> <a href="http://www.newsexpressngr.com/">News Express</a><br> <a href="http://newsinvestigatorsng.com/">News Investigators Nigeria</a><br> <a href="http://ngex.com/">Ng EX</a><br> <a href="http://www.nigeria70.com/">Nigeria 70</a><br> <a href="http://www.nigeriadailynews.com/">Nigeria Daily News</a><br> <a href="http://nigeriaindependent.com/">Nigeria Independent</a><br> <a href="http://www.nigeriaintel.com/">Nigeria Intel</a><br> <a href="http://www.nigeriamasterweb.com/Masterweb/">Nigeria Master Web</a><br> <a href="http://www.nigerianewsday.com/">Nigeria News Day</a><br> <a href="http://www.nigerianewsupdates.com/">Nigeria News Updates</a><br> <a href="http://www.newsdesk.ng/">Nigeria News Desk</a><br> <a href="http://www.nigeriapolitico.net/">Nigeria Politico</a><br> <a href="http://nigeriapoliticsonline.com/">Nigeria Politics Online</a><br> <a href="http://www.nigeriasun.com/">Nigeria Sun</a><br> <a href="http://www.nigeriatell.com/">Nigeria Tell</a><br> <a href="http://www.nigeriavillagesquare.com/">Nigeria Village Square</a><br> <a href="http://www.nigeriaworld.com/">Nigeria World</a><br> <a href="http://www.nigeria-news-world.com/">Nigeria World News</a><br> <a href="http://nigerianbeacon.com/">Nigerian Beacon</a><br> <a href="http://www.nigerianbulletin.com/">Nigerian Bulletin</a><br> <a href="http://www.nigeriancurrent.com/">Nigerian Current</a><br> <a href="http://www.nigerianeye.com/">Nigerian Eye</a><br> <a href="http://nigerianinquirer.com/">Nigerian Inquirer</a><br> <a href="http://www.nigerianmonitor.com/">Nigerian Monitor</a><br> <a href="http://www.newsng.com/">Nigerian News</a><br> <a href="http://www.nigeriannews.com/">Nigerian News</a><br> <a href="http://nigeriannewsportal.com/">Nigerian News Portal</a><br> <a href="http://www.nigeriannewsservice.com/">Nigerian News Service</a><br> <a href="http://www.nigerianorientnews.com/">Nigerian Orient News</a><br> <a href="http://nigeriantimes.ng/">Nigerian Times</a><br> <a href="http://www.thenigerianvoice.com/">Nigerian Voice</a><br> <a href="http://www.odili.net/">Odili</a><br> <a href="http://ogavendor.com/">Oga Vendor</a><br> <a href="http://www.onlinenigeria.com/">Online Nigeria</a><br> <a href="http://www.opinionnigeria.com/">Opinion Nigeria</a><br> <a href="http://www.persecondnews.com/">Per Second News</a><br> <a href="http://plentynews.com/">Plenty News</a><br> <a href="http://pointblanknews.com/pbn/">Point Blank News</a><br> <a href="https://www.premiumtimesng.com/">Premium Times</a><br> <a href="http://www.promptnewsonline.com/">Prompt News Online</a><br> <a href="http://pulse.ng/">Pulse</a><br> <a href="http://therainbow.com.ng/">Rainbow</a><br> <a href="http://realnewsmagazine.net/">Realnews</a><br> <a href="http://reporters365.com/">Reporters 365</a><br> <a href="http://saharareporters.com/">Sahara Reporters</a><br> <a href="http://scannewsnigeria.com/">Scan News</a><br> <a href="http://www.sharpedgenews.com/">Sharp Edge News</a><br> <a href="http://thesummary.com.ng/">Summary</a><br> <a href="http://trends.ng/">Trends</a><br> <a href="http://www.turenchi.com/">Turenchi</a><br> <a href="http://lindaikeji.blogspot.com/">Welcome to Linda Ikeji's Blog</a><br> <a href="http://thewillnigeria.com/news/">Will</a><br> <a href="http://worldstagegroup.com/index.php">World Stage</a><br> <a href="http://ynaija.com/">Y Naija</a><br> <a href="http://www.yazonaija.com/">Yazonaija</a><br> <a href="http://www.yohaig.com/">Yohaig</a><br> <a href="http://www.younewsng.com/">You News Ng</a> </font> </td> 
<td nowrap valign="top" width="25"> <font face="Arial" size="2"> IN<br> IN<br> <br> IN<br> IN<br> IN<br> IN<br> IN<br> <br> IN<br> IN<br> IN<br> IN<br> IN<br> IN<br> IN<br> IN<br> IN<br> IN<br> IN<br> IN<br> IN<br> IN<br> IN<br> IN<br> IN<br> IN<br> IN<br> IN<br> IN<br> IN<br> IN<br> IN<br> IN<br> IN<br> IN<br> IN<br> IN<br> IN<br> IN<br> IN<br> IN<br> IN<br> IN<br> IN<br> IN<br> IN<br> IN<br> IN<br> IN<br> IN<br> IN<br> IN<br> IN<br> IN<br> IN<br> IN<br> IN<br> IN<br> IN<br> IN<br> IN<br> IN<br> IN<br> IN<br> IN<br> IN<br> IN<br> IN<br> IN<br> IN<br> IN<br> IN<br> IN<br> IN<br> IN<br> IN<br> IN<br> IN<br> IN<br> IN<br> IN<br> IN<br> IN<br> IN<br> IN<br> IN<br> IN<br> IN<br> IN<br> IN<br> IN<br> IN<br> IN<br> IN<br> IN<br> IN<br> IN<br> IN<br> IN<br> IN<br> IN<br> IN<br> IN<br> IN<br> IN<br> IN<br> IN<br> IN<br> IN<br> IN<br> IN<br> IN<br> IN<br> IN<br> IN<br> IN<br> IN<br> IN<br> IN<br> IN </font> </td> 
<td nowrap valign="top" width="25"> <font face="Arial" size="2"> GI<br> BU<br> <br> GI<br> GI<br> SP<br> GI<br> GI<br> <br> EN<br> GI<br> GI<br> BU<br> GI<br> BU<br> GI<br> GI<br> GI<br> GI<br> GI<br> GI<br> EN<br> GI<br> GI<br> GI<br> GI<br> GI<br> GI<br> EN<br> GI<br> GI<br> GI<br> EN<br> GI<br> GI<br> EN<br> GI<br> GI<br> GI<br> GI<br> GI<br> GI<br> GI<br> GI<br> GI<br> GI<br> GI<br> GI<br> GI<br> GI<br> GI<br> BU<br> GI<br> GI<br> GI<br> GI<br> GI<br> GI<br> GI<br> GI<br> GI<br> GI<br> GI<br> GI<br> GI<br> GI<br> GI<br> GI<br> GI<br> GI<br> GI<br> GI<br> GI<br> GI<br> GI<br> GI<br> GI<br> GI<br> GI<br> GI<br> GI<br> GI<br> GI<br> GI<br> GI<br> GI<br> GI<br> GI<br> GI<br> GI<br> GI<br> GI<br> BU<br> GI<br> GI<br> GI<br> GI<br> GI<br> GI<br> GI<br> GI<br> GI<br> GI<br> GI<br> EN<br> GI<br> GI<br> GI<br> GI<br> GI<br> GI<br> GI<br> GI<br> GI<br> GI<br> GI<br> GI<br> GI<br> GI<br> GI<br> GI </font> </td> 
<td nowrap valign="top" width="35"> <font face="Arial" size="2"> ENG<br> ENG<br> <br> ENG<br> ENG<br> ENG<br> ENG<br> ENG<br> <br> ENG<br> ENG<br> ENG<br> ENG<br> ENG<br> ENG<br> ENG<br> ENG<br> ENG<br> ENG<br> ENG<br> ENG<br> ENG<br> ENG<br> ENG<br> ENG<br> ENG<br> ENG<br> ENG<br> ENG<br> ENG<br> ENG<br> ENG<br> ENG<br> ENG<br> ENG<br> ENG<br> ENG<br> ENG<br> ENG<br> ENG<br> ENG<br> ENG<br> ENG<br> ENG<br> ENG<br> ENG<br> ENG<br> ENG<br> ENG<br> ENG<br> ENG<br> ENG<br> ENG<br> ENG<br> ENG<br> ENG<br> ENG<br> ENG<br> ENG<br> ENG<br> ENG<br> ENG<br> ENG<br> ENG<br> ENG<br> ENG<br> ENG<br> ENG<br> ENG<br> ENG<br> ENG<br> ENG<br> ENG<br> ENG<br> ENG<br> ENG<br> ENG<br> ENG<br> ENG<br> ENG<br> ENG<br> ENG<br> ENG<br> ENG<br> ENG<br> ENG<br> ENG<br> ENG<br> ENG<br> ENG<br> ENG<br> ENG<br> ENG<br> ENG<br> ENG<br> ENG<br> ENG<br> ENG<br> ENG<br> ENG<br> ENG<br> ENG<br> ENG<br> ENG<br> ENG<br> ENG<br> ENG<br> ENG<br> ENG<br> ENG<br> ENG<br> ENG<br> ENG<br> ENG<br> ENG<br> ENG<br> ENG<br> ENG<br> ENG<br> ENG<br> ENG </font> </td> 
<td nowrap valign="top" width="175"> <font face="Arial" size="2"> <br> <br> <br> <br> <br> <br> <br> Covers Northern<br> Nigeria </font> </td>

2017-10-16_00:31:12.207 [main] INFO  e.u.c.fics.newssec.crawler.Crawler -
				3<td nowrap valign="top" width="200"> <font face="Arial" size="2"> Akure<br> Akure<br> Akure </font> </td> 
<td nowrap valign="top" width="300"> <font face="Arial" size="2"> <a href="http://www.ondoevents.com/">Ondo Events</a><br> <a href="http://www.ondonews.com/">Ondo News</a><br> Ondo TV </font> </td> 
<td nowrap valign="top" width="25"> <font face="Arial" size="2"> IN<br> IN<br> BC </font> </td> 
<td nowrap valign="top" width="25"> <font face="Arial" size="2"> GI<br> GI<br> GI </font> </td> 
<td nowrap valign="top" width="35"> <font face="Arial" size="2"> ENG<br> ENG<br> ENG </font> </td> 
<td nowrap valign="top" width="175"> <font face="Arial" size="2"> <br> <br> TV </font> </td>

2017-10-16_00:31:12.207 [main] INFO  e.u.c.fics.newssec.crawler.Crawler -
				4<td nowrap valign="top" width="200"> <font face="Arial" size="2"> Makhado - Louis<br> Trichardt<br> Makhado - Louis<br> Trichardt<br> Phalabora&nbsp;- Palabora<br> Polokwane<br> Polokwane<br> Thabazimbi<br> Tzaneen<br> Tzaneen </font> </td> 
<td nowrap valign="top" width="300"> <font face="Arial" size="2"> <a href="http://www.zoutnet.co.za/">Mirror</a><br> <br> <a href="http://www.zoutnet.co.za/">Zoutpansberger</a><br> <br> <a href="http://www.herald.co.za/">Palabora Hoedspruit Herald</a><br> <a href="http://polokwaneexpress.co.za/">Polokwane Express</a><br> <a href="http://www.observer.co.za/">Polokwane Observer</a><br> <a href="http://www.kwevoel.co.za/">Die Kwevoel</a><br> <a href="http://www.herald.co.za/">Letaba Herald</a><br> <a href="http://www.herald.co.za/">Mopani News</a> </font> </td> 
<td nowrap valign="top" width="25"> <font face="Arial" size="2"> NP<br> <br> NP<br> <br> NP<br> NP<br> NP<br> NP<br> NP<br> NP </font> </td> 
<td nowrap valign="top" width="25"> <font face="Arial" size="2"> GI<br> <br> GI<br> <br> GI<br> GI<br> GI<br> GI<br> GI<br> GI </font> </td> 
<td nowrap valign="top" width="35"> <font face="Arial" size="2"> ENG<br> <br> AFR<br> <br> ENG<br> ENG<br> ENG<br> AFR<br> AFR<br> ENG </font> </td> 
<td nowrap valign="top" width="175"> <font face="Arial" size="2"> <br> <br> <br> <br> Also AFR<br> <br> Also AFR<br> Also ENG<br> Also ENG </font> </td>

2017-10-16_00:31:12.207 [main] INFO  e.u.c.fics.newssec.crawler.Crawler -
				5<td nowrap valign="top" width="200"> <font face="Arial" size="2"> Cape Town<br> Cape Town<br> Cape Town<br> Cape Town<br> Cape Town<br> Cape Town<br> Cape Town<br> Cape Town<br> Cape Town<br> Cape Town (North)<br> Cape Town (South<br> Peninsula)<br> George<br> George<br> Helderberg<br> Helderberg<br> Hermanus<br> Paarl<br> Plettenberg Bay<br> Sedgefield<br> Stellenbosch<br> Vredenburg<br> Worcester </font> </td> 
<td nowrap valign="top" width="300"> <font face="Arial" size="2"> <a href="http://www.iol.co.za/capeargus">Cape Argus</a><br> <a href="http://www.cbn.co.za/">Cape Business News</a><br> <a href="http://www.capetalk.co.za/">Cape Talk</a><br> <a href="http://www.iol.co.za/capetimes">Cape Times</a><br> <a href="http://www.dieburger.com/">Die Burger</a><br> <a href="http://dieson.mobi/">Die Son</a><br> <a href="http://landbou.com/">Landbou Weekblad</a><br> <a href="http://www.sake24.com/">Sake</a><br> <a href="http://www.vocfm.co.za/">Voice of the Cape</a><br> <a href="http://www.tygerburger.co.za/">Tyger Burger</a><br> <a href="http://www.peoplespost.co.za/">People's Post</a><br> <br> <a href="http://www.edenexpress.co.za/">Eden Express</a><br> <a href="http://www.georgeherald.com/">George Herald</a><br> <a href="http://www.districtmail.com/">District Mail</a><br> <a href="http://www.thenewspaper.co.za/">Newspaper</a><br> <a href="http://www.hermanustimes.co.za/">Hermanus Times</a><br> <a href="http://www.paarlpost.co.za/">Paarl Post</a><br> <a href="http://www.cxpress.co.za/">CXpress</a><br> <a href="http://www.edgecommunitynews.com/">Edge</a><br> <a href="http://www.eikestadnuus.co.za/">Eikestad Nuus</a><br> <a href="http://www.weslander.co.za/">Weslander</a><br> <a href="http://www.breede.com/">Standard</a> </font> </td> 
<td nowrap valign="top" width="25"> <font face="Arial" size="2"> NP<br> NP<br> BC<br> NP<br> NP<br> NP<br> NP<br> NP<br> BC<br> NP<br> NP<br> <br> NP<br> NP<br> NP<br> NP<br> NP<br> NP<br> NP<br> NP<br> NP<br> NP<br> NP </font> </td> 
<td nowrap valign="top" width="25"> <font face="Arial" size="2"> GI<br> BU<br> GI<br> GI<br> GI<br> GI<br> AG<br> BU<br> GI<br> GI<br> GI<br> <br> GI<br> GI<br> GI<br> GI<br> GI<br> GI<br> GI<br> GI<br> GI<br> GI<br> GI </font> </td> 
<td nowrap valign="top" width="35"> <font face="Arial" size="2"> ENG<br> ENG<br> ENG<br> ENG<br> AFR<br> AFR<br> AFR<br> AFR<br> ENG<br> ENG<br> ENG<br> <br> ENG<br> AFR<br> ENG<br> ENG<br> AFR<br> AFR<br> ENG<br> ENG<br> AFR<br> AFR<br> AFR </font> </td> 
<td nowrap valign="top" width="175"> <font face="Arial" size="2"> <br> <br> Radio<br> <br> <br> <br> <br> <br> Radio<br> Also AFR<br> <br> <br> Also AFR<br> Also ENG<br> Also AFR<br> Also AFR<br> Also ENG<br> Also ENG<br> <br> <br> <br> Also ENG<br> Also ENG </font> </td>

2017-10-16_00:31:12.207 [main] INFO  e.u.c.fics.newssec.crawler.Crawler -
				6<td nowrap valign="top" width="200"> <font face="Arial" size="2"> National<br> <br> National </font> </td> 
<td nowrap valign="top" width="300"> <font face="Arial" size="2"> <a href="http://www.radiotunis.com/">Radio Tunis</a><br> <br> <a href="http://www.watania1.tn/">Watania 1</a> </font> </td> 
<td nowrap valign="top" width="25"> <font face="Arial" size="2"> BC<br> <br> BC </font> </td> 
<td nowrap valign="top" width="25"> <font face="Arial" size="2"> GI<br> <br> GI </font> </td> 
<td nowrap valign="top" width="35"> <font face="Arial" size="2"> FRA<br> <br> FRA </font> </td> 
<td nowrap valign="top" width="175"> <font face="Arial" size="2"> Radio Also ARA<br> ENG<br> TV Also ARA ENG </font> </td>

