2017-10-16_09:13:57.914 [main] INFO  e.u.c.fics.newssec.crawler.Crawler -
				153<td nowrap valign="top" width="200"> <font face="Arial" size="2"> Madison<br> Madison<br> Madison<br> Madison<br> Madison<br> <br> Madison<br> Madison<br> Madison<br> Madison<br> Madison<br> Madison<br> Madison<br> Madison<br> Madison<br> Madison<br> Madison<br> Madison<br> Madison<br> Madison<br> Madison<br> Madison </font> </td> 
<td nowrap valign="top" width="300"> <font face="Arial" size="2"> <a href="http://www.agriview.com/">Agri View</a><br> <a href="https://badgerherald.com/">Badger Herald</a><br> <a href="http://host.madison.com/ct/">Capital Times</a><br> <a href="http://www.madisoncatholicherald.org/">Catholic Herald</a><br> <a href="http://www.theonlineclarion.com/">Clarion</a><br> <br> <a href="http://www.dailycardinal.com/">Daily Cardinal</a><br> <a href="http://www.ibmadison.com/">In Business</a><br> <a href="http://isthmus.com/">Isthmus</a><br> <a href="http://wisconsinlcnews.com/">La Comunidad News</a><br> <a href="http://host.madison.com/">Madison</a><br> <a href="http://www.channel3000.com/madison-magazine/">Madison Magazine</a><br> <a href="http://www.themadisontimes.com/">Madison Times</a><br> <a href="http://www.wpr.org/">WERN</a><br> <a href="http://wiba.iheart.com/">WIBA</a><br> <a href="http://www.channel3000.com/">WISC</a><br> <a href="http://host.madison.com/wsj/">Wisconsin State Journal</a><br> <a href="http://www.wkow.com/">WKOW</a><br> <a href="http://fox47.com/">WMSN</a><br> <a href="http://www.nbc15.com/">WMTV</a><br> <a href="https://www.wortfm.org/">WORT</a><br> <a href="http://madcitysportszone.com/">WOZN</a> </font> </td> 
<td nowrap valign="top" width="25"> <font face="Arial" size="2"> NP<br> NP<br> NP<br> NP<br> NP<br> <br> NP<br> MG<br> NP<br> NP<br> IN<br> MG<br> NP<br> BC<br> BC<br> BC<br> NP<br> BC<br> BC<br> BC<br> BC<br> BC </font> </td> 
<td nowrap valign="top" width="25"> <font face="Arial" size="2"> AG<br> CO<br> GI<br> RL<br> CO<br> <br> CO<br> BU<br> AL<br> ET<br> GI<br> GI<br> ET<br> GI<br> GI<br> GI<br> GI<br> GI<br> GI<br> GI<br> GI<br> GI </font> </td> 
<td nowrap valign="top" width="35"> <font face="Arial" size="2"> ENG<br> ENG<br> ENG<br> ENG<br> ENG<br> <br> ENG<br> ENG<br> ENG<br> SPA<br> ENG<br> ENG<br> ENG<br> ENG<br> ENG<br> ENG<br> ENG<br> ENG<br> ENG<br> ENG<br> ENG<br> ENG </font> </td> 
<td nowrap valign="top" width="175"> <font face="Arial" size="2"> <br> Wisconsin Madison<br> <br> Roman Catholic<br> Madison Area<br> Technical<br> Wisconsin Madison<br> <br> <br> Hispanic<br> <br> <br> African American<br> FM 88.7<br> AM 1310<br> CBS 50/3<br> <br> ABC 26/27<br> FOX 49/47<br> NBC 19/15<br> FM 89.9<br> AM 1670 </font> </td>

2017-10-16_09:13:57.986 [main] INFO  e.u.c.fics.newssec.crawler.Crawler -
				154<td nowrap valign="top" width="200"> <font face="Arial" size="2"> Milwaukee<br> Milwaukee<br> Milwaukee<br> Milwaukee<br> Milwaukee<br> Milwaukee<br> Milwaukee<br> Milwaukee<br> <br> Milwaukee<br> Milwaukee<br> Milwaukee<br> Milwaukee<br> Milwaukee<br> Milwaukee<br> Milwaukee<br> Milwaukee<br> Milwaukee<br> <br> Milwaukee<br> Milwaukee<br> Milwaukee<br> Milwaukee<br> Milwaukee<br> Milwaukee<br> Milwaukee<br> Milwaukee<br> Milwaukee (Bay View)<br> Milwaukee (Riverwest) </font> </td> 
<td nowrap valign="top" width="300"> <font face="Arial" size="2"> <a href="http://www.alvernoalpha.com/">Alverno Alpha</a><br> <a href="http://www.bizjournals.com/milwaukee/">Business Journal</a><br> <a href="http://catholicherald.org/">Catholic Herald</a><br> <a href="http://dailyreporter.com/">Daily Reporter</a><br> <a href="http://www.gmtoday.com/">GM Today</a><br> <a href="http://www.mmagazines.net/">M</a><br> <a href="https://marquettewire.org/">Marquette Tribune</a><br> <a href="http://www.matctimes.com/">MATC Times</a><br> <br> <a href="https://www.biztimes.com/">Milwaukee Biz Times</a><br> <a href="https://communityjournal.net/">Milwaukee Community Journal</a><br> <a href="http://milwaukeecourieronline.com/">Milwaukee Courier</a><br> <a href="http://www.jsonline.com/">Milwaukee Journal Sentinel</a><br> <a href="https://www.milwaukeemag.com/">Milwaukee Magazine</a><br> <a href="http://shepherdexpress.com/">Shepherd Express</a><br> <a href="http://www.spanishjournal.com/">Spanish Journal</a><br> <a href="http://urbanmilwaukee.com/">Urban Milwaukee</a><br> <a href="http://uwmpost.com/">UWM Post</a><br> <br> <a href="http://www.cbs58.com/">WDJT</a><br> <a href="http://www.jewishchronicle.org/">Wisconsin Jewish Chronicle</a><br> <a href="http://newstalk1130.iheart.com/">WISN</a><br> <a href="http://www.wisn.com/">WISN</a><br> <a href="http://fox6now.com/">WITI</a><br> <a href="http://www.wtmj.com/">WTMJ</a><br> <a href="http://www.tmj4.com/">WTMJ</a><br> <a href="http://wuwm.com/">WUWM</a><br> <a href="https://bayviewcompass.com/">Bay View Compass</a><br> <a href="https://riverwestcurrents.org/">Riverwest Currents</a> </font> </td> 
<td nowrap valign="top" width="25"> <font face="Arial" size="2"> NP<br> NP<br> NP<br> NP<br> IN<br> MG<br> NP<br> NP<br> <br> MG<br> NP<br> NP<br> NP<br> MG<br> NP<br> NP<br> IN<br> NP<br> <br> BC<br> NP<br> BC<br> BC<br> BC<br> BC<br> BC<br> BC<br> NP<br> NP </font> </td> 
<td nowrap valign="top" width="25"> <font face="Arial" size="2"> CO<br> BU<br> RL<br> LG<br> GI<br> GI<br> CO<br> CO<br> <br> BU<br> ET<br> ET<br> GI<br> GI<br> AL<br> ET<br> GI<br> CO<br> <br> GI<br> RL<br> GI<br> GI<br> GI<br> GI<br> GI<br> GI<br> GI<br> GI </font> </td> 
<td nowrap valign="top" width="35"> <font face="Arial" size="2"> ENG<br> ENG<br> ENG<br> ENG<br> ENG<br> ENG<br> ENG<br> ENG<br> <br> ENG<br> ENG<br> ENG<br> ENG<br> ENG<br> ENG<br> SPA<br> ENG<br> ENG<br> <br> ENG<br> ENG<br> ENG<br> ENG<br> ENG<br> ENG<br> ENG<br> ENG<br> ENG<br> ENG </font> </td> 
<td nowrap valign="top" width="175"> <font face="Arial" size="2"> Alverno<br> <br> <br> <br> <br> <br> Marquette<br> Milwaukee Area<br> Technical<br> <br> African American<br> African American<br> <br> <br> <br> Hispanic Also ENG<br> <br> Wisconsin<br> Milwaukee<br> CBS 46/58<br> Jewish<br> AM 1130<br> ABC 34/12<br> FOX 33/6<br> AM 620<br> NBC 28/4<br> FM 89.7 </font> </td>

2017-10-16_09:13:57.986 [main] INFO  e.u.c.fics.newssec.crawler.Crawler -
				155<td nowrap valign="top" width="200"> <font face="Arial" size="2"> Stevens Point<br> <br> Stevens Point<br> Stevens Point<br> Stevens Point<br> <br> Stevens Point<br> Stevens Point </font> </td> 
<td nowrap valign="top" width="300"> <font face="Arial" size="2"> <a href="http://thepointeruwsp.com/">Pointer</a><br> <br> <a href="http://www.pcgazette.com/">Portage County Gazette</a><br> <a href="https://www.spcitytimes.com/">Stevens Point City Times</a><br> <a href="http://mmcebooks.a2hosted.com/category/stevens-point/">Stevens Point City Times and</a><br> <a href="http://mmcebooks.a2hosted.com/category/stevens-point/">Buyers' Guide</a><br> <a href="http://www.stevenspointjournal.com/">Stevens Point Journal</a><br> <a href="http://www.921wpcn.com/">WPCN</a> </font> </td> 
<td nowrap valign="top" width="25"> <font face="Arial" size="2"> NP<br> <br> NP<br> IN<br> NP<br> <br> NP<br> BC </font> </td> 
<td nowrap valign="top" width="25"> <font face="Arial" size="2"> CO<br> <br> GI<br> GI<br> SH<br> <br> GI<br> GI </font> </td> 
<td nowrap valign="top" width="35"> <font face="Arial" size="2"> ENG<br> <br> ENG<br> ENG<br> ENG<br> <br> ENG<br> ENG </font> </td> 
<td nowrap valign="top" width="175"> <font face="Arial" size="2"> Wisconsin Stevens<br> Point<br> <br> <br> <br> <br> <br> Radio </font> </td>

2017-10-16_09:13:57.986 [main] INFO  e.u.c.fics.newssec.crawler.Crawler -
				156<td nowrap valign="top" width="200"> <font face="Arial" size="2"> West Bend<br> West Bend<br> <br> West Bend </font> </td> 
<td nowrap valign="top" width="300"> <font face="Arial" size="2"> <a href="http://www.gmtoday.com/">Daily News</a><br> <a href="http://washington.uwc.edu/campus/student-orgs/student-newspaper">Ubiquitous</a><br> <br> <a href="http://online.fliphtml5.com/ycvm/dwpf/">West Bend Jackson Booster</a> </font> </td> 
<td nowrap valign="top" width="25"> <font face="Arial" size="2"> NP<br> NP<br> <br> NP </font> </td> 
<td nowrap valign="top" width="25"> <font face="Arial" size="2"> GI<br> GI<br> <br> SH </font> </td> 
<td nowrap valign="top" width="35"> <font face="Arial" size="2"> ENG<br> ENG<br> <br> ENG </font> </td> 
<td nowrap valign="top" width="175"> <font face="Arial" size="2"> <br> Wisconsin<br> Washington County </font> </td>

2017-10-16_09:13:57.986 [main] INFO  e.u.c.fics.newssec.crawler.Crawler -
				157<td nowrap valign="top" width="200"> <font face="Arial" size="2"> Whitewater<br> <br> Whitewater </font> </td> 
<td nowrap valign="top" width="300"> <font face="Arial" size="2"> <a href="http://royalpurplenews.com/">Royal Purple</a><br> <br> <a href="http://www.whitewaterbanner.com/">Whitewater Banner</a> </font> </td> 
<td nowrap valign="top" width="25"> <font face="Arial" size="2"> NP<br> <br> IN </font> </td> 
<td nowrap valign="top" width="25"> <font face="Arial" size="2"> CO<br> <br> GI </font> </td> 
<td nowrap valign="top" width="35"> <font face="Arial" size="2"> ENG<br> <br> ENG </font> </td> 
<td nowrap valign="top" width="175"> <font face="Arial" size="2"> Wisconsin<br> Whitewater </font> </td>

2017-10-16_09:13:57.986 [main] INFO  e.u.c.fics.newssec.crawler.Crawler -
				158<td nowrap valign="top" width="200"> <font face="Arial" size="2"> Cheyenne<br> Cheyenne<br> Cheyenne<br> Cheyenne<br> Cheyenne<br> Cheyenne<br> Cheyenne<br> <br> Cheyenne<br> Cheyenne<br> Cheyenne </font> </td> 
<td nowrap valign="top" width="300"> <font face="Arial" size="2"> <a href="http://1063cowboycountry.com/">106.3 Cowboy Country</a><br> <a href="https://www.kfbcradio.com/">KFBC</a><br> <a href="http://kgab.com/">KGAB</a><br> <a href="http://www.kgwn.tv/">KGWN</a><br> <a href="http://shortgo.co/">Shortgo</a><br> <a href="http://www.wyotraders.com/">Trader's</a><br> <a href="http://wingspan.lccc.wy.edu/">Wingspan</a><br> <br> <a href="http://www.wyomingbusinessreport.com/">Wyoming Business Report</a><br> <a href="http://www.dioceseofcheyenne.org/register.html">Wyoming Catholic Register</a><br> <a href="http://www.wyomingnews.com/">Wyoming Tribune Eagle</a> </font> </td> 
<td nowrap valign="top" width="25"> <font face="Arial" size="2"> BC<br> BC<br> BC<br> BC<br> IN<br> NP<br> NP<br> <br> NP<br> NP<br> NP </font> </td> 
<td nowrap valign="top" width="25"> <font face="Arial" size="2"> GI<br> GI<br> GI<br> GI<br> GI<br> SH<br> CO<br> <br> BU<br> RL<br> GI </font> </td> 
<td nowrap valign="top" width="35"> <font face="Arial" size="2"> ENG<br> ENG<br> ENG<br> ENG<br> ENG<br> ENG<br> ENG<br> <br> ENG<br> ENG<br> ENG </font> </td> 
<td nowrap valign="top" width="175"> <font face="Arial" size="2"> Radio<br> Radio<br> Radio<br> TV<br> <br> <br> Laramie County<br> Community<br> <br> Roman Catholic </font> </td>

